<?xml version="1.0" encoding="UTF-8"?>
<!-- Generated by org.testng.reporters.JUnitReportReporter -->
<testsuite hostname="LAPTOP-7J4ARULE" failures="0" tests="1" name="webtable.webtabletest" time="32.232" errors="0" timestamp="2024-03-23T20:18:09 IST" skipped="0">
  <testcase classname="webtable.webtabletest" name="printAllTableValues" time="32.232"/>
</testsuite> <!-- webtable.webtabletest -->
